# JRE version: OpenJDK Runtime Environment (23.0.1+11) (build 23.0.1+11-39)
# Java VM: OpenJDK 64-Bit Server VM (23.0.1+11-39, mixed mode, sharing, tiered, compressed oops, compressed class ptrs, g1 gc, windows-amd64)
GC Precious Log:
 CardTable entry size: 512
 Card Set container configuration: InlinePtr #cards 5 size 8 Array Of Cards #cards 10 size 36 Howl #buckets 4 coarsen threshold 1843 Howl Bitmap #cards 512 size 80 coarsen threshold 460 Card regions per heap region 1 cards per card region 2048
 CPUs: 8 total, 8 available
 Memory: 3889M
 Large Page Support: Disabled
 NUMA Support: Disabled
 Compressed Oops: Enabled (32-bit)
 Heap Region Size: 1M
 Heap Min Capacity: 8M
 Heap Initial Capacity: 62M
 Heap Max Capacity: 974M
 Pre-touch: Disabled
 Parallel Workers: 8
 Concurrent Workers: 2
 Concurrent Refinement Workers: 8
 Periodic GC: Disabled
Heap:
 garbage-first heap   total reserved 997376K, committed 51200K, used 38118K [0x00000000c3200000, 0x0000000100000000)
  region size 1024K, 12 young (12288K), 2 survivors (2048K)
 Metaspace       used 63450K, committed 64128K, reserved 1114112K
  class space    used 8774K, committed 9088K, reserved 1048576K
GC Heap History (20 events):
Event: 4.013 GC heap before
{Heap before GC invocations=5 (full 0):
 garbage-first heap   total reserved 997376K, committed 51200K, used 42794K [0x00000000c3200000, 0x0000000100000000)
  region size 1024K, 30 young (30720K), 2 survivors (2048K)
 Metaspace       used 25561K, committed 25984K, reserved 1114112K
  class space    used 3247K, committed 3456K, reserved 1048576K
}
Event: 4.018 GC heap after
{Heap after GC invocations=6 (full 0):
 garbage-first heap   total reserved 997376K, committed 51200K, used 16504K [0x00000000c3200000, 0x0000000100000000)
  region size 1024K, 4 young (4096K), 4 survivors (4096K)
 Metaspace       used 25561K, committed 25984K, reserved 1114112K
  class space    used 3247K, committed 3456K, reserved 1048576K
}
Event: 4.648 GC heap before
{Heap before GC invocations=6 (full 0):
 garbage-first heap   total reserved 997376K, committed 51200K, used 39032K [0x00000000c3200000, 0x0000000100000000)
  region size 1024K, 26 young (26624K), 4 survivors (4096K)
 Metaspace       used 29830K, committed 30400K, reserved 1114112K
  class space    used 3825K, committed 4096K, reserved 1048576K
}
Event: 4.658 GC heap after
{Heap after GC invocations=7 (full 0):
 garbage-first heap   total reserved 997376K, committed 51200K, used 18518K [0x00000000c3200000, 0x0000000100000000)
  region size 1024K, 3 young (3072K), 3 survivors (3072K)
 Metaspace       used 29830K, committed 30400K, reserved 1114112K
  class space    used 3825K, committed 4096K, reserved 1048576K
}
Event: 5.266 GC heap before
{Heap before GC invocations=7 (full 0):
 garbage-first heap   total reserved 997376K, committed 51200K, used 38998K [0x00000000c3200000, 0x0000000100000000)
  region size 1024K, 24 young (24576K), 3 survivors (3072K)
 Metaspace       used 34617K, committed 35200K, reserved 1114112K
  class space    used 4548K, committed 4800K, reserved 1048576K
}
Event: 5.269 GC heap after
{Heap after GC invocations=8 (full 0):
 garbage-first heap   total reserved 997376K, committed 51200K, used 19804K [0x00000000c3200000, 0x0000000100000000)
  region size 1024K, 2 young (2048K), 2 survivors (2048K)
 Metaspace       used 34617K, committed 35200K, reserved 1114112K
  class space    used 4548K, committed 4800K, reserved 1048576K
}
Event: 5.346 GC heap before
{Heap before GC invocations=8 (full 0):
 garbage-first heap   total reserved 997376K, committed 51200K, used 21852K [0x00000000c3200000, 0x0000000100000000)
  region size 1024K, 5 young (5120K), 2 survivors (2048K)
 Metaspace       used 35444K, committed 35968K, reserved 1114112K
  class space    used 4663K, committed 4928K, reserved 1048576K
}
Event: 5.349 GC heap after
{Heap after GC invocations=9 (full 0):
 garbage-first heap   total reserved 997376K, committed 51200K, used 19932K [0x00000000c3200000, 0x0000000100000000)
  region size 1024K, 2 young (2048K), 2 survivors (2048K)
 Metaspace       used 35444K, committed 35968K, reserved 1114112K
  class space    used 4663K, committed 4928K, reserved 1048576K
}
Event: 6.147 GC heap before
{Heap before GC invocations=10 (full 0):
 garbage-first heap   total reserved 997376K, committed 51200K, used 41436K [0x00000000c3200000, 0x0000000100000000)
  region size 1024K, 24 young (24576K), 2 survivors (2048K)
 Metaspace       used 41397K, committed 41984K, reserved 1114112K
  class space    used 5549K, committed 5824K, reserved 1048576K
}
Event: 6.151 GC heap after
{Heap after GC invocations=11 (full 0):
 garbage-first heap   total reserved 997376K, committed 51200K, used 21907K [0x00000000c3200000, 0x0000000100000000)
  region size 1024K, 3 young (3072K), 3 survivors (3072K)
 Metaspace       used 41397K, committed 41984K, reserved 1114112K
  class space    used 5549K, committed 5824K, reserved 1048576K
}
Event: 6.722 GC heap before
{Heap before GC invocations=11 (full 0):
 garbage-first heap   total reserved 997376K, committed 51200K, used 41363K [0x00000000c3200000, 0x0000000100000000)
  region size 1024K, 23 young (23552K), 3 survivors (3072K)
 Metaspace       used 46394K, committed 46976K, reserved 1114112K
  class space    used 6200K, committed 6464K, reserved 1048576K
}
Event: 6.727 GC heap after
{Heap after GC invocations=12 (full 0):
 garbage-first heap   total reserved 997376K, committed 51200K, used 23643K [0x00000000c3200000, 0x0000000100000000)
  region size 1024K, 2 young (2048K), 2 survivors (2048K)
 Metaspace       used 46394K, committed 46976K, reserved 1114112K
  class space    used 6200K, committed 6464K, reserved 1048576K
}
Event: 7.333 GC heap before
{Heap before GC invocations=12 (full 0):
 garbage-first heap   total reserved 997376K, committed 51200K, used 43099K [0x00000000c3200000, 0x0000000100000000)
  region size 1024K, 22 young (22528K), 2 survivors (2048K)
 Metaspace       used 53079K, committed 53696K, reserved 1114112K
  class space    used 7316K, committed 7552K, reserved 1048576K
}
Event: 7.339 GC heap after
{Heap after GC invocations=13 (full 0):
 garbage-first heap   total reserved 997376K, committed 51200K, used 24390K [0x00000000c3200000, 0x0000000100000000)
  region size 1024K, 1 young (1024K), 1 survivors (1024K)
 Metaspace       used 53079K, committed 53696K, reserved 1114112K
  class space    used 7316K, committed 7552K, reserved 1048576K
}
Event: 7.957 GC heap before
{Heap before GC invocations=13 (full 0):
 garbage-first heap   total reserved 997376K, committed 51200K, used 43846K [0x00000000c3200000, 0x0000000100000000)
  region size 1024K, 21 young (21504K), 1 survivors (1024K)
 Metaspace       used 57382K, committed 57984K, reserved 1114112K
  class space    used 7881K, committed 8128K, reserved 1048576K
}
Event: 7.961 GC heap after
{Heap after GC invocations=14 (full 0):
 garbage-first heap   total reserved 997376K, committed 51200K, used 25943K [0x00000000c3200000, 0x0000000100000000)
  region size 1024K, 3 young (3072K), 3 survivors (3072K)
 Metaspace       used 57382K, committed 57984K, reserved 1114112K
  class space    used 7881K, committed 8128K, reserved 1048576K
}
Event: 8.443 GC heap before
{Heap before GC invocations=15 (full 0):
 garbage-first heap   total reserved 997376K, committed 51200K, used 44375K [0x00000000c3200000, 0x0000000100000000)
  region size 1024K, 21 young (21504K), 3 survivors (3072K)
 Metaspace       used 59430K, committed 60096K, reserved 1114112K
  class space    used 8230K, committed 8512K, reserved 1048576K
}
Event: 8.449 GC heap after
{Heap after GC invocations=16 (full 0):
 garbage-first heap   total reserved 997376K, committed 51200K, used 28119K [0x00000000c3200000, 0x0000000100000000)
  region size 1024K, 3 young (3072K), 3 survivors (3072K)
 Metaspace       used 59430K, committed 60096K, reserved 1114112K
  class space    used 8230K, committed 8512K, reserved 1048576K
}
Event: 24.006 GC heap before
{Heap before GC invocations=16 (full 0):
 garbage-first heap   total reserved 997376K, committed 51200K, used 43479K [0x00000000c3200000, 0x0000000100000000)
  region size 1024K, 18 young (18432K), 3 survivors (3072K)
 Metaspace       used 63002K, committed 63680K, reserved 1114112K
  class space    used 8737K, committed 9024K, reserved 1048576K
}
Event: 24.012 GC heap after
{Heap after GC invocations=17 (full 0):
 garbage-first heap   total reserved 997376K, committed 51200K, used 28902K [0x00000000c3200000, 0x0000000100000000)
  region size 1024K, 2 young (2048K), 2 survivors (2048K)
 Metaspace       used 63002K, committed 63680K, reserved 1114112K
  class space    used 8737K, committed 9024K, reserved 1048576K
}

